proguard/seeds.txt
com.thaddroid.apps.goodcheapeats2.EnlargeActivity
com.thaddroid.apps.goodcheapeats2.EnlargeActivity: EnlargeActivity()
com.thaddroid.apps.goodcheapeats2.MainMenu
com.thaddroid.apps.goodcheapeats2.MainMenu: MainMenu()
com.thaddroid.apps.goodcheapeats2.R$anim: int abc_fade_in
com.thaddroid.apps.goodcheapeats2.R$anim: int abc_fade_out
com.thaddroid.apps.goodcheapeats2.R$anim: int abc_slide_in_bottom
com.thaddroid.apps.goodcheapeats2.R$anim: int abc_slide_in_top
com.thaddroid.apps.goodcheapeats2.R$anim: int abc_slide_out_bottom
com.thaddroid.apps.goodcheapeats2.R$anim: int abc_slide_out_top
com.thaddroid.apps.goodcheapeats2.R$attr: int actionBarDivider
com.thaddroid.apps.goodcheapeats2.R$attr: int actionBarItemBackground
com.thaddroid.apps.goodcheapeats2.R$attr: int actionBarSize
com.thaddroid.apps.goodcheapeats2.R$attr: int actionBarSplitStyle
com.thaddroid.apps.goodcheapeats2.R$attr: int actionBarStyle
com.thaddroid.apps.goodcheapeats2.R$attr: int actionBarTabBarStyle
com.thaddroid.apps.goodcheapeats2.R$attr: int actionBarTabStyle
com.thaddroid.apps.goodcheapeats2.R$attr: int actionBarTabTextStyle
com.thaddroid.apps.goodcheapeats2.R$attr: int actionBarWidgetTheme
com.thaddroid.apps.goodcheapeats2.R$attr: int actionButtonStyle
com.thaddroid.apps.goodcheapeats2.R$attr: int actionDropDownStyle
com.thaddroid.apps.goodcheapeats2.R$attr: int actionLayout
com.thaddroid.apps.goodcheapeats2.R$attr: int actionMenuTextAppearance
com.thaddroid.apps.goodcheapeats2.R$attr: int actionMenuTextColor
com.thaddroid.apps.goodcheapeats2.R$attr: int actionModeBackground
com.thaddroid.apps.goodcheapeats2.R$attr: int actionModeCloseButtonStyle
com.thaddroid.apps.goodcheapeats2.R$attr: int actionModeCloseDrawable
com.thaddroid.apps.goodcheapeats2.R$attr: int actionModeCopyDrawable
com.thaddroid.apps.goodcheapeats2.R$attr: int actionModeCutDrawable
com.thaddroid.apps.goodcheapeats2.R$attr: int actionModeFindDrawable
com.thaddroid.apps.goodcheapeats2.R$attr: int actionModePasteDrawable
com.thaddroid.apps.goodcheapeats2.R$attr: int actionModePopupWindowStyle
com.thaddroid.apps.goodcheapeats2.R$bool: int abc_action_bar_embed_tabs_pre_jb
com.thaddroid.apps.goodcheapeats2.R$bool: int abc_action_bar_expanded_action_views_exclusive
com.thaddroid.apps.goodcheapeats2.R$bool: int abc_config_actionMenuItemAllCaps
com.thaddroid.apps.goodcheapeats2.R$bool: int abc_config_allowActionMenuItemTextWithIcon
com.thaddroid.apps.goodcheapeats2.R$bool: int abc_config_showMenuShortcutsWhenKeyboardPresent
com.thaddroid.apps.goodcheapeats2.R$bool: int abc_split_action_bar_is_narrow
...
android.support.v4.view.ViewPager
android.support.v4.view.ViewPager: ViewPager(android.content.Context)
android.support.v4.view.ViewPager: ViewPager(android.content.Context,android.util.AttributeSet)
android.support.v4.view.ViewPager: void setScrollState(int)
android.support.v4.view.ViewPager: void setAdapter(android.support.v4.view.PagerAdapter)
android.support.v4.view.ViewPager: android.support.v4.view.PagerAdapter getAdapter()
android.support.v4.view.ViewPager: void setOnAdapterChangeListener(android.support.v4.view.ViewPager$OnAdapterChangeListener)
android.support.v4.view.ViewPager: int getClientWidth()
android.support.v4.view.ViewPager: void setCurrentItem(int)
android.support.v4.view.ViewPager: int getCurrentItem()
android.support.v4.view.ViewPager: void setOnPageChangeListener(android.support.v4.view.ViewPager$OnPageChangeListener)
android.support.v4.view.ViewPager: void setChildrenDrawingOrderEnabledCompat(boolean)
android.support.v4.view.ViewPager: int getOffscreenPageLimit()
android.support.v4.view.ViewPager: void setOffscreenPageLimit(int)
android.support.v4.view.ViewPager: void setPageMargin(int)
android.support.v4.view.ViewPager: int getPageMargin()
android.support.v4.view.ViewPager: void setPageMarginDrawable(android.graphics.drawable.Drawable)
android.support.v4.view.ViewPager: void setPageMarginDrawable(int)
android.support.v4.view.ViewPager: void setScrollingCacheEnabled(boolean)
android.support.v4.view.ViewPager$SavedState
android.support.v4.view.ViewPager$SavedState: android.os.Parcelable$Creator CREATOR
android.support.v4.widget.DrawerLayout: void setScrimColor(int)
android.support.v4.widget.DrawerLayout: void setDrawerListener(android.support.v4.widget.DrawerLayout$DrawerListener)
android.support.v4.widget.DrawerLayout: void setDrawerLockMode(int)
android.support.v4.widget.DrawerLayout$SavedState
android.support.v4.widget.DrawerLayout$SavedState: android.os.Parcelable$Creator CREATOR
android.support.v4.widget.SlidingPaneLayout: void setParallaxDistance(int)
android.support.v4.widget.SlidingPaneLayout: int getParallaxDistance()
android.support.v4.widget.SlidingPaneLayout: void setSliderFadeColor(int)
android.support.v4.widget.SlidingPaneLayout: int getSliderFadeColor()
android.support.v4.widget.SlidingPaneLayout: void setCoveredFadeColor(int)
android.support.v4.widget.SlidingPaneLayout: int getCoveredFadeColor()
android.support.v4.widget.SlidingPaneLayout: void setPanelSlideListener(android.support.v4.widget.SlidingPaneLayout$PanelSlideListener)
android.support.v4.widget.SlidingPaneLayout: void setShadowDrawable(android.graphics.drawable.Drawable)
android.support.v4.widget.SlidingPaneLayout: void setShadowDrawableLeft(android.graphics.drawable.Drawable)
android.support.v4.widget.SlidingPaneLayout: void setShadowDrawableRight(android.graphics.drawable.Drawable)
android.support.v4.widget.SlidingPaneLayout: void setShadowResource(int)
android.support.v4.widget.SlidingPaneLayout: void setShadowResourceLeft(int)
android.support.v4.widget.SlidingPaneLayout: void setShadowResourceRight(int)
android.support.v4.widget.SlidingPaneLayout$SavedState
android.support.v4.widget.SlidingPaneLayout$SavedState: android.os.Parcelable$Creator CREATOR
android.support.v4.widget.SwipeRefreshLayout: void setOnRefreshListener(android.support.v4.widget.SwipeRefreshLayout$OnRefreshListener)
android.support.v4.widget.SwipeRefreshLayout: void setTriggerPercentage(float)
android.support.v4.widget.SwipeRefreshLayout: void setRefreshing(boolean)
android.support.v4.widget.SwipeRefreshLayout: void setTargetOffsetTopAndBottom(int)
android.support.v7.app.ActionBarActivity: ActionBarActivity()
android.support.v7.app.ActionBarActivity: void setContentView(android.view.View)