proguard/mapping.txt
com.thaddroid.apps.goodcheapeats2.EnlargeActivity -> com.thaddroid.apps.goodcheapeats2.EnlargeActivity:
    android.content.Intent intent -> o
    android.os.Bundle bundle -> p
    com.thaddroid.apps.goodcheapeats2.TouchImageView tiv -> q
    com.google.android.gms.ads.AdView adView -> r
    boolean firstTime -> s
    android.widget.LinearLayout ll -> t
    void onCreate(android.os.Bundle) -> onCreate
    void onDestroy() -> onDestroy
    void onPause() -> onPause
    void onResume() -> onResume
    boolean access$0(com.thaddroid.apps.goodcheapeats2.EnlargeActivity) -> a
    void access$1(com.thaddroid.apps.goodcheapeats2.EnlargeActivity,boolean) -> a
    android.widget.LinearLayout access$2(com.thaddroid.apps.goodcheapeats2.EnlargeActivity) -> b
    com.google.android.gms.ads.AdView access$3(com.thaddroid.apps.goodcheapeats2.EnlargeActivity) -> c
com.thaddroid.apps.goodcheapeats2.EnlargeActivity$1 -> com.thaddroid.apps.goodcheapeats2.a:
    com.thaddroid.apps.goodcheapeats2.EnlargeActivity this$0 -> a
    void onAdLoaded() -> onAdLoaded
com.thaddroid.apps.goodcheapeats2.MainMenu -> com.thaddroid.apps.goodcheapeats2.MainMenu:
    android.widget.ListView lv -> o
    java.util.List list -> p
    android.widget.ArrayAdapter adapter -> q
    android.content.Intent pintent -> r
    android.os.Bundle pbundle -> s
    int seriesNo -> t
    boolean firstTime -> u
    com.google.android.gms.ads.AdView adView -> v
    java.lang.String[] epidso -> w
    android.widget.LinearLayout ll -> x
    void onCreate(android.os.Bundle) -> onCreate
    void onDestroy() -> onDestroy
    void onPause() -> onPause
    void onResume() -> onResume
    boolean access$0(com.thaddroid.apps.goodcheapeats2.MainMenu) -> a
    void access$1(com.thaddroid.apps.goodcheapeats2.MainMenu,boolean) -> a
    android.widget.LinearLayout access$2(com.thaddroid.apps.goodcheapeats2.MainMenu) -> b
    com.google.android.gms.ads.AdView access$3(com.thaddroid.apps.goodcheapeats2.MainMenu) -> c
    int access$4(com.thaddroid.apps.goodcheapeats2.MainMenu) -> d
com.thaddroid.apps.goodcheapeats2.MainMenu$1 -> com.thaddroid.apps.goodcheapeats2.b:
    com.thaddroid.apps.goodcheapeats2.MainMenu this$0 -> a
    void onAdLoaded() -> onAdLoaded
com.thaddroid.apps.goodcheapeats2.MainMenu$2 -> com.thaddroid.apps.goodcheapeats2.c:
    com.thaddroid.apps.goodcheapeats2.MainMenu this$0 -> a
    void onItemClick(android.widget.AdapterView,android.view.View,int,long) -> onItemClick
com.thaddroid.apps.goodcheapeats2.RecipeActivity -> com.thaddroid.apps.goodcheapeats2.RecipeActivity:
    com.thaddroid.apps.goodcheapeats2.RecipeActivity$SectionsPagerAdapter mSectionsPagerAdapter -> o
    android.support.v4.view.ViewPager mViewPager -> p
    android.content.Intent intent -> q
    android.os.Bundle bundle -> r
    int whichEpidso -> s
    int whichSeries -> t
    com.google.android.gms.ads.AdView adView -> u
    boolean firstTime -> v
    java.lang.String[][] recipes -> w
    int[] imageid -> x
    android.widget.LinearLayout ll -> y
    int[][] numOfRecipes -> z
    void onCreate(android.os.Bundle) -> onCreate
    void onDestroy() -> onDestroy
    void onPause() -> onPause
    void onResume() -> onResume
    int[][] access$0() -> i
    int[] access$1() -> j
    java.lang.String[][] access$2() -> k
    int access$3() -> l
    boolean access$4(com.thaddroid.apps.goodcheapeats2.RecipeActivity) -> a
    void access$5(com.thaddroid.apps.goodcheapeats2.RecipeActivity,boolean) -> a
    android.widget.LinearLayout access$6(com.thaddroid.apps.goodcheapeats2.RecipeActivity) -> b
    com.google.android.gms.ads.AdView access$7(com.thaddroid.apps.goodcheapeats2.RecipeActivity) -> c
com.thaddroid.apps.goodcheapeats2.RecipeActivity$1 -> com.thaddroid.apps.goodcheapeats2.d:
    com.thaddroid.apps.goodcheapeats2.RecipeActivity this$0 -> a
    void onAdLoaded() -> onAdLoaded
...
android.support.v4.view.KeyEventCompat$HoneycombKeyEventVersionImpl -> android.support.v4.view.y:
    int normalizeMetaState(int) -> a
    boolean metaStateHasModifiers(int,int) -> a
    boolean metaStateHasNoModifiers(int) -> b
android.support.v4.view.KeyEventCompat$KeyEventVersionImpl -> android.support.v4.view.z:
    boolean metaStateHasModifiers(int,int) -> a
    boolean metaStateHasNoModifiers(int) -> b
    void startTracking(android.view.KeyEvent) -> a
android.support.v4.view.KeyEventCompatEclair -> android.support.v4.view.aa:
    void startTracking(android.view.KeyEvent) -> a
android.support.v4.view.KeyEventCompatHoneycomb -> android.support.v4.view.ab:
    int normalizeMetaState(int) -> a
    boolean metaStateHasModifiers(int,int) -> a
    boolean metaStateHasNoModifiers(int) -> b
android.support.v4.view.MenuItemCompat -> android.support.v4.view.ac:
    android.support.v4.view.MenuItemCompat$MenuVersionImpl IMPL -> a
    void setShowAsAction(android.view.MenuItem,int) -> a
    android.view.MenuItem setActionView(android.view.MenuItem,android.view.View) -> a
    android.view.MenuItem setActionView(android.view.MenuItem,int) -> b
    android.view.View getActionView(android.view.MenuItem) -> a
    android.view.MenuItem setActionProvider(android.view.MenuItem,android.support.v4.view.ActionProvider) -> a
    boolean expandActionView(android.view.MenuItem) -> b
    boolean isActionViewExpanded(android.view.MenuItem) -> c
android.support.v4.view.MenuItemCompat$BaseMenuVersionImpl -> android.support.v4.view.ad:
    void setShowAsAction(android.view.MenuItem,int) -> a
    android.view.MenuItem setActionView(android.view.MenuItem,android.view.View) -> a
    android.view.MenuItem setActionView(android.view.MenuItem,int) -> b
    android.view.View getActionView(android.view.MenuItem) -> a
    boolean expandActionView(android.view.MenuItem) -> b
    boolean isActionViewExpanded(android.view.MenuItem) -> c
android.support.v4.view.MenuItemCompat$HoneycombMenuVersionImpl -> android.support.v4.view.ae:
    void setShowAsAction(android.view.MenuItem,int) -> a
    android.view.MenuItem setActionView(android.view.MenuItem,android.view.View) -> a
    android.view.MenuItem setActionView(android.view.MenuItem,int) -> b
    android.view.View getActionView(android.view.MenuItem) -> a
    boolean expandActionView(android.view.MenuItem) -> b
    boolean isActionViewExpanded(android.view.MenuItem) -> c
android.support.v4.view.MenuItemCompat$IcsMenuVersionImpl -> android.support.v4.view.af:
    boolean expandActionView(android.view.MenuItem) -> b
    boolean isActionViewExpanded(android.view.MenuItem) -> c
android.support.v4.view.MenuItemCompat$MenuVersionImpl -> android.support.v4.view.ag:
    void setShowAsAction(android.view.MenuItem,int) -> a
    android.view.MenuItem setActionView(android.view.MenuItem,android.view.View) -> a
    android.view.MenuItem setActionView(android.view.MenuItem,int) -> b
    android.view.View getActionView(android.view.MenuItem) -> a
    boolean expandActionView(android.view.MenuItem) -> b
    boolean isActionViewExpanded(android.view.MenuItem) -> c
android.support.v4.view.MenuItemCompat$OnActionExpandListener -> android.support.v4.view.ah:
    boolean onMenuItemActionExpand(android.view.MenuItem) -> a
    boolean onMenuItemActionCollapse(android.view.MenuItem) -> b
android.support.v4.view.MenuItemCompatHoneycomb -> android.support.v4.view.ai:
    void setShowAsAction(android.view.MenuItem,int) -> a
    android.view.MenuItem setActionView(android.view.MenuItem,android.view.View) -> a
    android.view.MenuItem setActionView(android.view.MenuItem,int) -> b
    android.view.View getActionView(android.view.MenuItem) -> a
android.support.v4.view.MenuItemCompatIcs -> android.support.v4.view.aj:
    boolean expandActionView(android.view.MenuItem) -> a
    boolean isActionViewExpanded(android.view.MenuItem) -> b