proguard/usage.txt
com.thaddroid.apps.goodcheapeats2.BuildConfig
com.thaddroid.apps.goodcheapeats2.R
com.thaddroid.apps.goodcheapeats2.R$anim
com.thaddroid.apps.goodcheapeats2.R$attr
com.thaddroid.apps.goodcheapeats2.R$bool
com.thaddroid.apps.goodcheapeats2.R$color
com.thaddroid.apps.goodcheapeats2.R$dimen
com.thaddroid.apps.goodcheapeats2.R$drawable
com.thaddroid.apps.goodcheapeats2.R$id
com.thaddroid.apps.goodcheapeats2.R$integer
com.thaddroid.apps.goodcheapeats2.R$layout
com.thaddroid.apps.goodcheapeats2.R$string
com.thaddroid.apps.goodcheapeats2.R$style
com.thaddroid.apps.goodcheapeats2.R$styleable
com.thaddroid.apps.goodcheapeats2.RecipeActivity$PlaceholderFragment:
    private static final java.lang.String ARG_SECTION_NUMBER
com.thaddroid.apps.goodcheapeats2.TouchImageView:
    private static final java.lang.String DEBUG
    private static final float SUPER_MIN_MULTIPLIER
    private static final float SUPER_MAX_MULTIPLIER
    439:440:public void setScrollPosition(float,float)
    724:724:public boolean canScrollHorizontallyFroyo(int)
    1272:1275:private void printMatrixInfo()
com.thaddroid.apps.goodcheapeats2.TouchImageView$DoubleTapZoom:
    private static final float ZOOM_TIME
...
com.google.android.gms.games.internal.IGamesSignInService$Stub$Proxy
com.google.android.gms.games.internal.IRoomService
com.google.android.gms.games.internal.IRoomService$Stub
com.google.android.gms.games.internal.IRoomService$Stub$Proxy
com.google.android.gms.games.internal.IRoomServiceCallbacks
com.google.android.gms.games.internal.IRoomServiceCallbacks$Stub
com.google.android.gms.games.internal.IRoomServiceCallbacks$Stub$Proxy
com.google.android.gms.games.internal.JingleLog
com.google.android.gms.games.internal.LibjingleNativeSocket
com.google.android.gms.games.internal.PopupManager
com.google.android.gms.games.internal.PopupManager$1
com.google.android.gms.games.internal.PopupManager$PopupLocationInfo
com.google.android.gms.games.internal.PopupManager$PopupManagerHCMR1
com.google.android.gms.games.internal.RealTimeSocketImpl
com.google.android.gms.games.internal.api.AchievementsImpl
com.google.android.gms.games.internal.api.AchievementsImpl$1
com.google.android.gms.games.internal.api.AchievementsImpl$10
com.google.android.gms.games.internal.api.AchievementsImpl$2
com.google.android.gms.games.internal.api.AchievementsImpl$3
com.google.android.gms.games.internal.api.AchievementsImpl$4
com.google.android.gms.games.internal.api.AchievementsImpl$5
com.google.android.gms.games.internal.api.AchievementsImpl$6
com.google.android.gms.games.internal.api.AchievementsImpl$7
com.google.android.gms.games.internal.api.AchievementsImpl$8
com.google.android.gms.games.internal.api.AchievementsImpl$9
com.google.android.gms.games.internal.api.AchievementsImpl$LoadImpl
com.google.android.gms.games.internal.api.AchievementsImpl$LoadImpl$1
com.google.android.gms.games.internal.api.AchievementsImpl$UpdateImpl
com.google.android.gms.games.internal.api.AchievementsImpl$UpdateImpl$1
com.google.android.gms.games.internal.api.AclsImpl
com.google.android.gms.games.internal.api.AclsImpl$1
com.google.android.gms.games.internal.api.AclsImpl$2
com.google.android.gms.games.internal.api.AclsImpl$3
com.google.android.gms.games.internal.api.AclsImpl$LoadNotifyAclImpl
com.google.android.gms.games.internal.api.AclsImpl$UpdateNotifyAclImpl
com.google.android.gms.games.internal.api.GamesMetadataImpl
com.google.android.gms.games.internal.api.GamesMetadataImpl$1
com.google.android.gms.games.internal.api.GamesMetadataImpl$10
com.google.android.gms.games.internal.api.GamesMetadataImpl$11
com.google.android.gms.games.internal.api.GamesMetadataImpl$12
com.google.android.gms.games.internal.api.GamesMetadataImpl$13
com.google.android.gms.games.internal.api.GamesMetadataImpl$14
com.google.android.gms.games.internal.api.GamesMetadataImpl$15
com.google.android.gms.games.internal.api.GamesMetadataImpl$2
com.google.android.gms.games.internal.api.GamesMetadataImpl$3
com.google.android.gms.games.internal.api.GamesMetadataImpl$4
com.google.android.gms.games.internal.api.GamesMetadataImpl$5
com.google.android.gms.games.internal.api.GamesMetadataImpl$6
com.google.android.gms.games.internal.api.GamesMetadataImpl$7
com.google.android.gms.games.internal.api.GamesMetadataImpl$8
com.google.android.gms.games.internal.api.GamesMetadataImpl$9
com.google.android.gms.games.internal.api.GamesMetadataImpl$LoadExtendedGamesImpl
com.google.android.gms.games.internal.api.GamesMetadataImpl$LoadExtendedGamesImpl$1
com.google.android.gms.games.internal.api.GamesMetadataImpl$LoadGameInstancesImpl
com.google.android.gms.games.internal.api.GamesMetadataImpl$LoadGameInstancesImpl$1
com.google.android.gms.games.internal.api.GamesMetadataImpl$LoadGameSearchSuggestionsImpl
com.google.android.gms.games.internal.api.GamesMetadataImpl$LoadGameSearchSuggestionsImpl$1
com.google.android.gms.games.internal.api.GamesMetadataImpl$LoadGamesImpl
com.google.android.gms.games.internal.api.GamesMetadataImpl$LoadGamesImpl$1
com.google.android.gms.games.internal.api.InvitationsImpl
com.google.android.gms.games.internal.api.InvitationsImpl$1
com.google.android.gms.games.internal.api.InvitationsImpl$2